<?xml version="1.0" encoding="UTF-8"?>
<!-- Generated by org.testng.reporters.JUnitReportReporter -->
<testsuite hostname="Raakesh_PC" failures="0" tests="2" name="qa.test.TestCase1" time="51.191" errors="0" timestamp="2024-01-07T04:58:52 GMT-05:00" skipped="0">
  <testcase classname="qa.test.TestCase1" name="sampleMethodForCredentialsEntry" time="39.544"/>
  <testcase classname="qa.test.TestCase1" name="sampleMethodForCredentialsEntry" time="11.647"/>
</testsuite> <!-- qa.test.TestCase1 -->
